1777864602.190620 client started (26086): version 3.4, socket /tmp/tmux-1000/default, protocol 8
1777864602.190636 on Linux 6.17.0-22-generic #22~24.04.1-Ubuntu SMP PREEMPT_DYNAMIC Thu Mar 26 15:25:54 UTC 2
1777864602.190638 using libevent 2.1.12-stable poll
1777864602.190640 using ncurses 6.4 20240113
1777864602.190647 flags are 0x10010000
1777864602.190654 socket is /tmp/tmux-1000/default
1777864602.190663 trying connect
1777864602.190702 add peer 0x650e69087780: 6 ((nil))
1777864602.190845 sending message 100 to peer 0x650e69087780 (4 bytes)
1777864602.190848 sending message 111 to peer 0x650e69087780 (8 bytes)
1777864602.190850 sending message 101 to peer 0x650e69087780 (16 bytes)
1777864602.190851 sending message 109 to peer 0x650e69087780 (4 bytes)
1777864602.190853 sending message 102 to peer 0x650e69087780 (11 bytes)
1777864602.190854 sending message 108 to peer 0x650e69087780 (23 bytes)
1777864602.190856 sending message 112 to peer 0x650e69087780 (70 bytes)
1777864602.190857 sending message 112 to peer 0x650e69087780 (5 bytes)
1777864602.190859 sending message 112 to peer 0x650e69087780 (5 bytes)
1777864602.190860 sending message 112 to peer 0x650e69087780 (6 bytes)
1777864602.190862 sending message 112 to peer 0x650e69087780 (6 bytes)
1777864602.190863 sending message 112 to peer 0x650e69087780 (11 bytes)
1777864602.190865 sending message 112 to peer 0x650e69087780 (10 bytes)
1777864602.190866 sending message 112 to peer 0x650e69087780 (13 bytes)
1777864602.190868 sending message 112 to peer 0x650e69087780 (13 bytes)
1777864602.190869 sending message 112 to peer 0x650e69087780 (18 bytes)
1777864602.190870 sending message 112 to peer 0x650e69087780 (11 bytes)
1777864602.190872 sending message 112 to peer 0x650e69087780 (21 bytes)
1777864602.190873 sending message 112 to peer 0x650e69087780 (13 bytes)
1777864602.190875 sending message 112 to peer 0x650e69087780 (7 bytes)
1777864602.190876 sending message 112 to peer 0x650e69087780 (13 bytes)
1777864602.190878 sending message 112 to peer 0x650e69087780 (7 bytes)
1777864602.190879 sending message 112 to peer 0x650e69087780 (13 bytes)
1777864602.190881 sending message 112 to peer 0x650e69087780 (9 bytes)
1777864602.190882 sending message 112 to peer 0x650e69087780 (21 bytes)
1777864602.190883 sending message 112 to peer 0x650e69087780 (13 bytes)
1777864602.190885 sending message 112 to peer 0x650e69087780 (8 bytes)
1777864602.190886 sending message 112 to peer 0x650e69087780 (12 bytes)
1777864602.190888 sending message 112 to peer 0x650e69087780 (13 bytes)
1777864602.190889 sending message 112 to peer 0x650e69087780 (9 bytes)
1777864602.190891 sending message 112 to peer 0x650e69087780 (9 bytes)
1777864602.190892 sending message 112 to peer 0x650e69087780 (12 bytes)
1777864602.190893 sending message 112 to peer 0x650e69087780 (8 bytes)
1777864602.190895 sending message 112 to peer 0x650e69087780 (7 bytes)
1777864602.190896 sending message 112 to peer 0x650e69087780 (7 bytes)
1777864602.190898 sending message 112 to peer 0x650e69087780 (9 bytes)
1777864602.190899 sending message 112 to peer 0x650e69087780 (13 bytes)
1777864602.190901 sending message 112 to peer 0x650e69087780 (9 bytes)
1777864602.190902 sending message 112 to peer 0x650e69087780 (15 bytes)
1777864602.190904 sending message 112 to peer 0x650e69087780 (13 bytes)
1777864602.190905 sending message 112 to peer 0x650e69087780 (12 bytes)
1777864602.190906 sending message 112 to peer 0x650e69087780 (8 bytes)
1777864602.190908 sending message 112 to peer 0x650e69087780 (14 bytes)
1777864602.190909 sending message 112 to peer 0x650e69087780 (9 bytes)
1777864602.190911 sending message 112 to peer 0x650e69087780 (10 bytes)
1777864602.190912 sending message 112 to peer 0x650e69087780 (10 bytes)
1777864602.190914 sending message 112 to peer 0x650e69087780 (10 bytes)
1777864602.190915 sending message 112 to peer 0x650e69087780 (10 bytes)
1777864602.190917 sending message 112 to peer 0x650e69087780 (11 bytes)
1777864602.190918 sending message 112 to peer 0x650e69087780 (10 bytes)
1777864602.190920 sending message 112 to peer 0x650e69087780 (8 bytes)
1777864602.190925 sending message 112 to peer 0x650e69087780 (11 bytes)
1777864602.190926 sending message 112 to peer 0x650e69087780 (11 bytes)
1777864602.190928 sending message 112 to peer 0x650e69087780 (11 bytes)
1777864602.190929 sending message 112 to peer 0x650e69087780 (8 bytes)
1777864602.190931 sending message 112 to peer 0x650e69087780 (8 bytes)
1777864602.190932 sending message 112 to peer 0x650e69087780 (8 bytes)
1777864602.190934 sending message 112 to peer 0x650e69087780 (10 bytes)
1777864602.190935 sending message 112 to peer 0x650e69087780 (10 bytes)
1777864602.190937 sending message 112 to peer 0x650e69087780 (10 bytes)
1777864602.190938 sending message 112 to peer 0x650e69087780 (10 bytes)
1777864602.190940 sending message 112 to peer 0x650e69087780 (10 bytes)
1777864602.190941 sending message 112 to peer 0x650e69087780 (11 bytes)
1777864602.190942 sending message 112 to peer 0x650e69087780 (11 bytes)
1777864602.190944 sending message 112 to peer 0x650e69087780 (10 bytes)
1777864602.190945 sending message 112 to peer 0x650e69087780 (9 bytes)
1777864602.190947 sending message 112 to peer 0x650e69087780 (9 bytes)
1777864602.190948 sending message 112 to peer 0x650e69087780 (12 bytes)
1777864602.190950 sending message 112 to peer 0x650e69087780 (9 bytes)
1777864602.190951 sending message 112 to peer 0x650e69087780 (6 bytes)
1777864602.190952 sending message 112 to peer 0x650e69087780 (13 bytes)
1777864602.190954 sending message 112 to peer 0x650e69087780 (8 bytes)
1777864602.190955 sending message 112 to peer 0x650e69087780 (15 bytes)
1777864602.190957 sending message 112 to peer 0x650e69087780 (13 bytes)
1777864602.190958 sending message 112 to peer 0x650e69087780 (70 bytes)
1777864602.190960 sending message 112 to peer 0x650e69087780 (69 bytes)
1777864602.190962 sending message 112 to peer 0x650e69087780 (10 bytes)
1777864602.190964 sending message 112 to peer 0x650e69087780 (8 bytes)
1777864602.190965 sending message 112 to peer 0x650e69087780 (15 bytes)
1777864602.190967 sending message 112 to peer 0x650e69087780 (13 bytes)
1777864602.190968 sending message 112 to peer 0x650e69087780 (10 bytes)
1777864602.190970 sending message 112 to peer 0x650e69087780 (10 bytes)
1777864602.190971 sending message 112 to peer 0x650e69087780 (5 bytes)
1777864602.190978 sending message 112 to peer 0x650e69087780 (15 bytes)
1777864602.190979 sending message 104 to peer 0x650e69087780 (0 bytes)
1777864602.190981 sending message 110 to peer 0x650e69087780 (0 bytes)
1777864602.190983 sending message 107 to peer 0x650e69087780 (4 bytes)
1777864602.190984 sending message 105 to peer 0x650e69087780 (23 bytes)
1777864602.190986 sending message 105 to peer 0x650e69087780 (20 bytes)
1777864602.190987 sending message 105 to peer 0x650e69087780 (54 bytes)
1777864602.190989 sending message 105 to peer 0x650e69087780 (25 bytes)
1777864602.190990 sending message 105 to peer 0x650e69087780 (11 bytes)
1777864602.190992 sending message 105 to peer 0x650e69087780 (20 bytes)
1777864602.190993 sending message 105 to peer 0x650e69087780 (15 bytes)
1777864602.190995 sending message 105 to peer 0x650e69087780 (44 bytes)
1777864602.190996 sending message 105 to peer 0x650e69087780 (86 bytes)
1777864602.190997 sending message 105 to peer 0x650e69087780 (30 bytes)
1777864602.190999 sending message 105 to peer 0x650e69087780 (52 bytes)
1777864602.191000 sending message 105 to peer 0x650e69087780 (30 bytes)
1777864602.191002 sending message 105 to peer 0x650e69087780 (28 bytes)
1777864602.191029 sending message 105 to peer 0x650e69087780 (19 bytes)
1777864602.191035 sending message 105 to peer 0x650e69087780 (17 bytes)
1777864602.191038 sending message 105 to peer 0x650e69087780 (15 bytes)
1777864602.191041 sending message 105 to peer 0x650e69087780 (8 bytes)
1777864602.191043 sending message 105 to peer 0x650e69087780 (16 bytes)
1777864602.191045 sending message 105 to peer 0x650e69087780 (32 bytes)
1777864602.191048 sending message 105 to peer 0x650e69087780 (1817 bytes)
1777864602.191058 sending message 105 to peer 0x650e69087780 (54 bytes)
1777864602.191074 sending message 105 to peer 0x650e69087780 (16 bytes)
1777864602.191077 sending message 105 to peer 0x650e69087780 (27 bytes)
1777864602.191079 sending message 105 to peer 0x650e69087780 (63 bytes)
1777864602.191081 sending message 105 to peer 0x650e69087780 (30 bytes)
1777864602.191083 sending message 105 to peer 0x650e69087780 (12 bytes)
1777864602.191086 sending message 105 to peer 0x650e69087780 (11 bytes)
1777864602.191088 sending message 105 to peer 0x650e69087780 (257 bytes)
1777864602.191090 sending message 105 to peer 0x650e69087780 (27 bytes)
1777864602.191093 sending message 105 to peer 0x650e69087780 (19 bytes)
1777864602.191095 sending message 105 to peer 0x650e69087780 (84 bytes)
1777864602.191097 sending message 105 to peer 0x650e69087780 (19 bytes)
1777864602.191099 sending message 105 to peer 0x650e69087780 (8 bytes)
1777864602.191102 sending message 105 to peer 0x650e69087780 (41 bytes)
1777864602.191104 sending message 105 to peer 0x650e69087780 (21 bytes)
1777864602.191106 sending message 105 to peer 0x650e69087780 (18 bytes)
1777864602.191108 sending message 105 to peer 0x650e69087780 (25 bytes)
1777864602.191110 sending message 105 to peer 0x650e69087780 (36 bytes)
1777864602.191112 sending message 105 to peer 0x650e69087780 (13 bytes)
1777864602.191115 sending message 105 to peer 0x650e69087780 (13 bytes)
1777864602.191117 sending message 105 to peer 0x650e69087780 (17 bytes)
1777864602.191119 sending message 105 to peer 0x650e69087780 (37 bytes)
1777864602.191121 sending message 105 to peer 0x650e69087780 (47 bytes)
1777864602.191123 sending message 105 to peer 0x650e69087780 (31 bytes)
1777864602.191126 sending message 105 to peer 0x650e69087780 (159 bytes)
1777864602.191128 sending message 105 to peer 0x650e69087780 (51 bytes)
1777864602.191130 sending message 105 to peer 0x650e69087780 (31 bytes)
1777864602.191132 sending message 105 to peer 0x650e69087780 (15 bytes)
1777864602.191135 sending message 105 to peer 0x650e69087780 (52 bytes)
1777864602.191137 sending message 105 to peer 0x650e69087780 (23 bytes)
1777864602.191139 sending message 105 to peer 0x650e69087780 (29 bytes)
1777864602.191141 sending message 105 to peer 0x650e69087780 (18 bytes)
1777864602.191143 sending message 105 to peer 0x650e69087780 (58 bytes)
1777864602.191145 sending message 105 to peer 0x650e69087780 (21 bytes)
1777864602.191148 sending message 105 to peer 0x650e69087780 (11 bytes)
1777864602.191150 sending message 105 to peer 0x650e69087780 (29 bytes)
1777864602.191152 sending message 105 to peer 0x650e69087780 (53 bytes)
1777864602.191154 sending message 105 to peer 0x650e69087780 (28 bytes)
1777864602.191156 sending message 105 to peer 0x650e69087780 (16 bytes)
1777864602.191158 sending message 105 to peer 0x650e69087780 (24 bytes)
1777864602.191161 sending message 105 to peer 0x650e69087780 (20 bytes)
1777864602.191163 sending message 105 to peer 0x650e69087780 (77 bytes)
1777864602.191165 sending message 105 to peer 0x650e69087780 (10 bytes)
1777864602.191167 sending message 106 to peer 0x650e69087780 (0 bytes)
1777864602.191195 sending message 200 to peer 0x650e69087780 (4 bytes)
1777864602.191198 client loop enter
1777864602.191443 peer 0x650e69087780 message 303
1777864602.191447 open write file 2 -
1777864602.191452 sending message 305 to peer 0x650e69087780 (8 bytes)
1777864602.191458 write check file 2
1777864602.191547 peer 0x650e69087780 message 304
1777864602.191550 write 58 to file 2
1777864602.191553 peer 0x650e69087780 message 203
1777864602.191555 file 2 58 bytes left
1777864602.191564 write check file 2
1777864602.191566 client loop exit
