1777864605.532292 client started (26099): version 3.4, socket /tmp/tmux-1000/default, protocol 8
1777864605.532308 on Linux 6.17.0-22-generic #22~24.04.1-Ubuntu SMP PREEMPT_DYNAMIC Thu Mar 26 15:25:54 UTC 2
1777864605.532311 using libevent 2.1.12-stable poll
1777864605.532312 using ncurses 6.4 20240113
1777864605.532320 flags are 0x18010000
1777864605.532328 socket is /tmp/tmux-1000/default
1777864605.532336 trying connect
1777864605.532344 connect failed: Connection refused
1777864605.532349 lock file is /tmp/tmux-1000/default.lock
1777864605.532371 flock succeeded
1777864605.532372 got lock (6)
1777864605.532376 trying connect
1777864605.532380 connect failed: Connection refused
1777864605.532549 add peer 0x5a432de734b0: 7 ((nil))
1777864605.532777 sending message 100 to peer 0x5a432de734b0 (4 bytes)
1777864605.532780 sending message 111 to peer 0x5a432de734b0 (8 bytes)
1777864605.532782 sending message 101 to peer 0x5a432de734b0 (15 bytes)
1777864605.532783 sending message 109 to peer 0x5a432de734b0 (4 bytes)
1777864605.532785 sending message 102 to peer 0x5a432de734b0 (11 bytes)
1777864605.532786 sending message 108 to peer 0x5a432de734b0 (23 bytes)
1777864605.532788 sending message 112 to peer 0x5a432de734b0 (58 bytes)
1777864605.532789 sending message 112 to peer 0x5a432de734b0 (5 bytes)
1777864605.532790 sending message 112 to peer 0x5a432de734b0 (5 bytes)
1777864605.532792 sending message 112 to peer 0x5a432de734b0 (6 bytes)
1777864605.532793 sending message 112 to peer 0x5a432de734b0 (6 bytes)
1777864605.532795 sending message 112 to peer 0x5a432de734b0 (11 bytes)
1777864605.532796 sending message 112 to peer 0x5a432de734b0 (10 bytes)
1777864605.532798 sending message 112 to peer 0x5a432de734b0 (13 bytes)
1777864605.532799 sending message 112 to peer 0x5a432de734b0 (14 bytes)
1777864605.532801 sending message 112 to peer 0x5a432de734b0 (19 bytes)
1777864605.532802 sending message 112 to peer 0x5a432de734b0 (11 bytes)
1777864605.532803 sending message 112 to peer 0x5a432de734b0 (10 bytes)
1777864605.532805 sending message 112 to peer 0x5a432de734b0 (15 bytes)
1777864605.532806 sending message 112 to peer 0x5a432de734b0 (21 bytes)
1777864605.532808 sending message 112 to peer 0x5a432de734b0 (13 bytes)
1777864605.532809 sending message 112 to peer 0x5a432de734b0 (7 bytes)
1777864605.532811 sending message 112 to peer 0x5a432de734b0 (13 bytes)
1777864605.532812 sending message 112 to peer 0x5a432de734b0 (7 bytes)
1777864605.532814 sending message 112 to peer 0x5a432de734b0 (13 bytes)
1777864605.532815 sending message 112 to peer 0x5a432de734b0 (9 bytes)
1777864605.532816 sending message 112 to peer 0x5a432de734b0 (21 bytes)
1777864605.532818 sending message 112 to peer 0x5a432de734b0 (13 bytes)
1777864605.532819 sending message 112 to peer 0x5a432de734b0 (9 bytes)
1777864605.532821 sending message 112 to peer 0x5a432de734b0 (16 bytes)
1777864605.532822 sending message 112 to peer 0x5a432de734b0 (13 bytes)
1777864605.532824 sending message 112 to peer 0x5a432de734b0 (9 bytes)
1777864605.532825 sending message 112 to peer 0x5a432de734b0 (9 bytes)
1777864605.532826 sending message 112 to peer 0x5a432de734b0 (12 bytes)
1777864605.532828 sending message 112 to peer 0x5a432de734b0 (8 bytes)
1777864605.532829 sending message 112 to peer 0x5a432de734b0 (8 bytes)
1777864605.532831 sending message 112 to peer 0x5a432de734b0 (13 bytes)
1777864605.532832 sending message 112 to peer 0x5a432de734b0 (7 bytes)
1777864605.532834 sending message 112 to peer 0x5a432de734b0 (7 bytes)
1777864605.532835 sending message 112 to peer 0x5a432de734b0 (9 bytes)
1777864605.532836 sending message 112 to peer 0x5a432de734b0 (9 bytes)
1777864605.532838 sending message 112 to peer 0x5a432de734b0 (15 bytes)
1777864605.532839 sending message 112 to peer 0x5a432de734b0 (13 bytes)
1777864605.532841 sending message 112 to peer 0x5a432de734b0 (12 bytes)
1777864605.532842 sending message 112 to peer 0x5a432de734b0 (8 bytes)
1777864605.532844 sending message 112 to peer 0x5a432de734b0 (14 bytes)
1777864605.532845 sending message 112 to peer 0x5a432de734b0 (11 bytes)
1777864605.532851 sending message 112 to peer 0x5a432de734b0 (9 bytes)
1777864605.532854 sending message 112 to peer 0x5a432de734b0 (10 bytes)
1777864605.532856 sending message 112 to peer 0x5a432de734b0 (10 bytes)
1777864605.532857 sending message 112 to peer 0x5a432de734b0 (10 bytes)
1777864605.532859 sending message 112 to peer 0x5a432de734b0 (10 bytes)
1777864605.532860 sending message 112 to peer 0x5a432de734b0 (11 bytes)
1777864605.532861 sending message 112 to peer 0x5a432de734b0 (12 bytes)
1777864605.532863 sending message 112 to peer 0x5a432de734b0 (12 bytes)
1777864605.532864 sending message 112 to peer 0x5a432de734b0 (12 bytes)
1777864605.532866 sending message 112 to peer 0x5a432de734b0 (12 bytes)
1777864605.532867 sending message 112 to peer 0x5a432de734b0 (12 bytes)
1777864605.532869 sending message 112 to peer 0x5a432de734b0 (11 bytes)
1777864605.532870 sending message 112 to peer 0x5a432de734b0 (11 bytes)
1777864605.532871 sending message 112 to peer 0x5a432de734b0 (12 bytes)
1777864605.532873 sending message 112 to peer 0x5a432de734b0 (12 bytes)
1777864605.532874 sending message 112 to peer 0x5a432de734b0 (12 bytes)
1777864605.532876 sending message 112 to peer 0x5a432de734b0 (12 bytes)
1777864605.532877 sending message 112 to peer 0x5a432de734b0 (12 bytes)
1777864605.532878 sending message 112 to peer 0x5a432de734b0 (9 bytes)
1777864605.532880 sending message 112 to peer 0x5a432de734b0 (12 bytes)
1777864605.532881 sending message 112 to peer 0x5a432de734b0 (13 bytes)
1777864605.532883 sending message 112 to peer 0x5a432de734b0 (13 bytes)
1777864605.532884 sending message 112 to peer 0x5a432de734b0 (13 bytes)
1777864605.532886 sending message 112 to peer 0x5a432de734b0 (13 bytes)
1777864605.532887 sending message 112 to peer 0x5a432de734b0 (13 bytes)
1777864605.532888 sending message 112 to peer 0x5a432de734b0 (8 bytes)
1777864605.532890 sending message 112 to peer 0x5a432de734b0 (11 bytes)
1777864605.532891 sending message 112 to peer 0x5a432de734b0 (11 bytes)
1777864605.532893 sending message 112 to peer 0x5a432de734b0 (11 bytes)
1777864605.532894 sending message 112 to peer 0x5a432de734b0 (12 bytes)
1777864605.532896 sending message 112 to peer 0x5a432de734b0 (12 bytes)
1777864605.532897 sending message 112 to peer 0x5a432de734b0 (12 bytes)
1777864605.532898 sending message 112 to peer 0x5a432de734b0 (12 bytes)
1777864605.532900 sending message 112 to peer 0x5a432de734b0 (13 bytes)
1777864605.532901 sending message 112 to peer 0x5a432de734b0 (13 bytes)
1777864605.532903 sending message 112 to peer 0x5a432de734b0 (13 bytes)
1777864605.532904 sending message 112 to peer 0x5a432de734b0 (8 bytes)
1777864605.532905 sending message 112 to peer 0x5a432de734b0 (13 bytes)
1777864605.532907 sending message 112 to peer 0x5a432de734b0 (13 bytes)
1777864605.532908 sending message 112 to peer 0x5a432de734b0 (13 bytes)
1777864605.532910 sending message 112 to peer 0x5a432de734b0 (13 bytes)
1777864605.532911 sending message 112 to peer 0x5a432de734b0 (13 bytes)
1777864605.532913 sending message 112 to peer 0x5a432de734b0 (12 bytes)
1777864605.532914 sending message 112 to peer 0x5a432de734b0 (12 bytes)
1777864605.532915 sending message 112 to peer 0x5a432de734b0 (12 bytes)
1777864605.532917 sending message 112 to peer 0x5a432de734b0 (12 bytes)
1777864605.532918 sending message 112 to peer 0x5a432de734b0 (13 bytes)
1777864605.532920 sending message 112 to peer 0x5a432de734b0 (8 bytes)
1777864605.532921 sending message 112 to peer 0x5a432de734b0 (13 bytes)
1777864605.532922 sending message 112 to peer 0x5a432de734b0 (13 bytes)
1777864605.532924 sending message 112 to peer 0x5a432de734b0 (13 bytes)
1777864605.532925 sending message 112 to peer 0x5a432de734b0 (13 bytes)
1777864605.532927 sending message 112 to peer 0x5a432de734b0 (13 bytes)
1777864605.532928 sending message 112 to peer 0x5a432de734b0 (13 bytes)
1777864605.532929 sending message 112 to peer 0x5a432de734b0 (13 bytes)
1777864605.532931 sending message 112 to peer 0x5a432de734b0 (12 bytes)
1777864605.532932 sending message 112 to peer 0x5a432de734b0 (12 bytes)
1777864605.532939 sending message 112 to peer 0x5a432de734b0 (12 bytes)
1777864605.532940 sending message 112 to peer 0x5a432de734b0 (8 bytes)
1777864605.532942 sending message 112 to peer 0x5a432de734b0 (12 bytes)
1777864605.532943 sending message 112 to peer 0x5a432de734b0 (13 bytes)
1777864605.532945 sending message 112 to peer 0x5a432de734b0 (13 bytes)
1777864605.532946 sending message 112 to peer 0x5a432de734b0 (13 bytes)
1777864605.532948 sending message 112 to peer 0x5a432de734b0 (13 bytes)
1777864605.532949 sending message 112 to peer 0x5a432de734b0 (13 bytes)
1777864605.532950 sending message 112 to peer 0x5a432de734b0 (13 bytes)
1777864605.532952 sending message 112 to peer 0x5a432de734b0 (13 bytes)
1777864605.532953 sending message 112 to peer 0x5a432de734b0 (13 bytes)
1777864605.532955 sending message 112 to peer 0x5a432de734b0 (12 bytes)
1777864605.532956 sending message 112 to peer 0x5a432de734b0 (10 bytes)
1777864605.532958 sending message 112 to peer 0x5a432de734b0 (12 bytes)
1777864605.532959 sending message 112 to peer 0x5a432de734b0 (12 bytes)
1777864605.532960 sending message 112 to peer 0x5a432de734b0 (12 bytes)
1777864605.532963 sending message 112 to peer 0x5a432de734b0 (13 bytes)
1777864605.532964 sending message 112 to peer 0x5a432de734b0 (13 bytes)
1777864605.532966 sending message 112 to peer 0x5a432de734b0 (13 bytes)
1777864605.532967 sending message 112 to peer 0x5a432de734b0 (13 bytes)
1777864605.532968 sending message 112 to peer 0x5a432de734b0 (13 bytes)
1777864605.532970 sending message 112 to peer 0x5a432de734b0 (13 bytes)
1777864605.532971 sending message 112 to peer 0x5a432de734b0 (13 bytes)
1777864605.532977 sending message 112 to peer 0x5a432de734b0 (10 bytes)
1777864605.532978 sending message 112 to peer 0x5a432de734b0 (13 bytes)
1777864605.532980 sending message 112 to peer 0x5a432de734b0 (12 bytes)
1777864605.532981 sending message 112 to peer 0x5a432de734b0 (12 bytes)
1777864605.532982 sending message 112 to peer 0x5a432de734b0 (12 bytes)
1777864605.532984 sending message 112 to peer 0x5a432de734b0 (10 bytes)
1777864605.532985 sending message 112 to peer 0x5a432de734b0 (10 bytes)
1777864605.532987 sending message 112 to peer 0x5a432de734b0 (10 bytes)
1777864605.532988 sending message 112 to peer 0x5a432de734b0 (12 bytes)
1777864605.532990 sending message 112 to peer 0x5a432de734b0 (13 bytes)
1777864605.532991 sending message 112 to peer 0x5a432de734b0 (13 bytes)
1777864605.532992 sending message 112 to peer 0x5a432de734b0 (13 bytes)
1777864605.532994 sending message 112 to peer 0x5a432de734b0 (13 bytes)
1777864605.532995 sending message 112 to peer 0x5a432de734b0 (13 bytes)
1777864605.532997 sending message 112 to peer 0x5a432de734b0 (10 bytes)
1777864605.532998 sending message 112 to peer 0x5a432de734b0 (11 bytes)
1777864605.533000 sending message 112 to peer 0x5a432de734b0 (12 bytes)
1777864605.533001 sending message 112 to peer 0x5a432de734b0 (12 bytes)
1777864605.533002 sending message 112 to peer 0x5a432de734b0 (12 bytes)
1777864605.533004 sending message 112 to peer 0x5a432de734b0 (12 bytes)
1777864605.533005 sending message 112 to peer 0x5a432de734b0 (12 bytes)
1777864605.533007 sending message 112 to peer 0x5a432de734b0 (11 bytes)
1777864605.533008 sending message 112 to peer 0x5a432de734b0 (12 bytes)
1777864605.533010 sending message 112 to peer 0x5a432de734b0 (12 bytes)
1777864605.533011 sending message 112 to peer 0x5a432de734b0 (13 bytes)
1777864605.533012 sending message 112 to peer 0x5a432de734b0 (13 bytes)
1777864605.533014 sending message 112 to peer 0x5a432de734b0 (13 bytes)
1777864605.533015 sending message 112 to peer 0x5a432de734b0 (13 bytes)
1777864605.533017 sending message 112 to peer 0x5a432de734b0 (13 bytes)
1777864605.533018 sending message 112 to peer 0x5a432de734b0 (10 bytes)
1777864605.533020 sending message 112 to peer 0x5a432de734b0 (9 bytes)
1777864605.533021 sending message 112 to peer 0x5a432de734b0 (12 bytes)
1777864605.533022 sending message 112 to peer 0x5a432de734b0 (13 bytes)
1777864605.533024 sending message 112 to peer 0x5a432de734b0 (13 bytes)
1777864605.533027 sending message 112 to peer 0x5a432de734b0 (13 bytes)
1777864605.533029 sending message 112 to peer 0x5a432de734b0 (13 bytes)
1777864605.533030 sending message 112 to peer 0x5a432de734b0 (13 bytes)
1777864605.533032 sending message 112 to peer 0x5a432de734b0 (9 bytes)
1777864605.533033 sending message 112 to peer 0x5a432de734b0 (12 bytes)
1777864605.533035 sending message 112 to peer 0x5a432de734b0 (13 bytes)
1777864605.533036 sending message 112 to peer 0x5a432de734b0 (13 bytes)
1777864605.533038 sending message 112 to peer 0x5a432de734b0 (13 bytes)
1777864605.533039 sending message 112 to peer 0x5a432de734b0 (13 bytes)
1777864605.533040 sending message 112 to peer 0x5a432de734b0 (13 bytes)
1777864605.533042 sending message 112 to peer 0x5a432de734b0 (11 bytes)
1777864605.533043 sending message 112 to peer 0x5a432de734b0 (12 bytes)
1777864605.533045 sending message 112 to peer 0x5a432de734b0 (13 bytes)
1777864605.533046 sending message 112 to peer 0x5a432de734b0 (13 bytes)
1777864605.533047 sending message 112 to peer 0x5a432de734b0 (13 bytes)
1777864605.533049 sending message 112 to peer 0x5a432de734b0 (13 bytes)
1777864605.533050 sending message 112 to peer 0x5a432de734b0 (13 bytes)
1777864605.533052 sending message 112 to peer 0x5a432de734b0 (11 bytes)
1777864605.533053 sending message 112 to peer 0x5a432de734b0 (12 bytes)
1777864605.533055 sending message 112 to peer 0x5a432de734b0 (12 bytes)
1777864605.533056 sending message 112 to peer 0x5a432de734b0 (12 bytes)
1777864605.533057 sending message 112 to peer 0x5a432de734b0 (12 bytes)
1777864605.533059 sending message 112 to peer 0x5a432de734b0 (12 bytes)
1777864605.533060 sending message 112 to peer 0x5a432de734b0 (21 bytes)
1777864605.533062 sending message 112 to peer 0x5a432de734b0 (12 bytes)
1777864605.533063 sending message 112 to peer 0x5a432de734b0 (9 bytes)
1777864605.533065 sending message 112 to peer 0x5a432de734b0 (6 bytes)
1777864605.533066 sending message 112 to peer 0x5a432de734b0 (13 bytes)
1777864605.533068 sending message 112 to peer 0x5a432de734b0 (10 bytes)
1777864605.533069 sending message 112 to peer 0x5a432de734b0 (24 bytes)
1777864605.533071 sending message 112 to peer 0x5a432de734b0 (13 bytes)
1777864605.533072 sending message 112 to peer 0x5a432de734b0 (9 bytes)
1777864605.533073 sending message 112 to peer 0x5a432de734b0 (70 bytes)
1777864605.533075 sending message 112 to peer 0x5a432de734b0 (69 bytes)
1777864605.533076 sending message 112 to peer 0x5a432de734b0 (12 bytes)
1777864605.533078 sending message 112 to peer 0x5a432de734b0 (10 bytes)
1777864605.533079 sending message 112 to peer 0x5a432de734b0 (10 bytes)
1777864605.533081 sending message 112 to peer 0x5a432de734b0 (24 bytes)
1777864605.533082 sending message 112 to peer 0x5a432de734b0 (13 bytes)
1777864605.533084 sending message 112 to peer 0x5a432de734b0 (10 bytes)
1777864605.533085 sending message 112 to peer 0x5a432de734b0 (10 bytes)
1777864605.533087 sending message 112 to peer 0x5a432de734b0 (10 bytes)
1777864605.533088 sending message 112 to peer 0x5a432de734b0 (13 bytes)
1777864605.533090 sending message 112 to peer 0x5a432de734b0 (15 bytes)
1777864605.533091 sending message 112 to peer 0x5a432de734b0 (5 bytes)
1777864605.533093 sending message 104 to peer 0x5a432de734b0 (0 bytes)
1777864605.533095 sending message 110 to peer 0x5a432de734b0 (0 bytes)
1777864605.533097 sending message 107 to peer 0x5a432de734b0 (4 bytes)
1777864605.533098 sending message 105 to peer 0x5a432de734b0 (41 bytes)
1777864605.533100 sending message 105 to peer 0x5a432de734b0 (84 bytes)
1777864605.533101 sending message 105 to peer 0x5a432de734b0 (86 bytes)
1777864605.533103 sending message 105 to peer 0x5a432de734b0 (30 bytes)
1777864605.533104 sending message 105 to peer 0x5a432de734b0 (31 bytes)
1777864605.533106 sending message 105 to peer 0x5a432de734b0 (17 bytes)
1777864605.533107 sending message 105 to peer 0x5a432de734b0 (15 bytes)
1777864605.533109 sending message 105 to peer 0x5a432de734b0 (51 bytes)
1777864605.533110 sending message 105 to peer 0x5a432de734b0 (52 bytes)
1777864605.533114 sending message 105 to peer 0x5a432de734b0 (13 bytes)
1777864605.533115 sending message 105 to peer 0x5a432de734b0 (25 bytes)
1777864605.533117 sending message 105 to peer 0x5a432de734b0 (58 bytes)
1777864605.533118 sending message 105 to peer 0x5a432de734b0 (19 bytes)
1777864605.533120 sending message 105 to peer 0x5a432de734b0 (54 bytes)
1777864605.533121 sending message 105 to peer 0x5a432de734b0 (11 bytes)
1777864605.533123 sending message 105 to peer 0x5a432de734b0 (15 bytes)
1777864605.533124 sending message 105 to peer 0x5a432de734b0 (28 bytes)
1777864605.533126 sending message 105 to peer 0x5a432de734b0 (47 bytes)
1777864605.533127 sending message 105 to peer 0x5a432de734b0 (17 bytes)
1777864605.533129 sending message 105 to peer 0x5a432de734b0 (29 bytes)
1777864605.533130 sending message 105 to peer 0x5a432de734b0 (19 bytes)
1777864605.533132 sending message 105 to peer 0x5a432de734b0 (44 bytes)
1777864605.533133 sending message 105 to peer 0x5a432de734b0 (52 bytes)
1777864605.533135 sending message 105 to peer 0x5a432de734b0 (16 bytes)
1777864605.533136 sending message 105 to peer 0x5a432de734b0 (30 bytes)
1777864605.533138 sending message 105 to peer 0x5a432de734b0 (216 bytes)
1777864605.533139 sending message 105 to peer 0x5a432de734b0 (31 bytes)
1777864605.533141 sending message 105 to peer 0x5a432de734b0 (159 bytes)
1777864605.533142 sending message 105 to peer 0x5a432de734b0 (18 bytes)
1777864605.533144 sending message 105 to peer 0x5a432de734b0 (21 bytes)
1777864605.533145 sending message 105 to peer 0x5a432de734b0 (19 bytes)
1777864605.533147 sending message 105 to peer 0x5a432de734b0 (15 bytes)
1777864605.533148 sending message 105 to peer 0x5a432de734b0 (20 bytes)
1777864605.533149 sending message 105 to peer 0x5a432de734b0 (37 bytes)
1777864605.533151 sending message 105 to peer 0x5a432de734b0 (23 bytes)
1777864605.533152 sending message 105 to peer 0x5a432de734b0 (27 bytes)
1777864605.533154 sending message 105 to peer 0x5a432de734b0 (23 bytes)
1777864605.533155 sending message 105 to peer 0x5a432de734b0 (20 bytes)
1777864605.533157 sending message 105 to peer 0x5a432de734b0 (20 bytes)
1777864605.533158 sending message 105 to peer 0x5a432de734b0 (11 bytes)
1777864605.533160 sending message 105 to peer 0x5a432de734b0 (8 bytes)
1777864605.533161 sending message 105 to peer 0x5a432de734b0 (28 bytes)
1777864605.533163 sending message 105 to peer 0x5a432de734b0 (12 bytes)
1777864605.533164 sending message 105 to peer 0x5a432de734b0 (20 bytes)
1777864605.533166 sending message 105 to peer 0x5a432de734b0 (29 bytes)
1777864605.533167 sending message 105 to peer 0x5a432de734b0 (11 bytes)
1777864605.533169 sending message 105 to peer 0x5a432de734b0 (8 bytes)
1777864605.533170 sending message 105 to peer 0x5a432de734b0 (32 bytes)
1777864605.533172 sending message 105 to peer 0x5a432de734b0 (1817 bytes)
1777864605.533179 sending message 105 to peer 0x5a432de734b0 (28 bytes)
1777864605.533181 sending message 105 to peer 0x5a432de734b0 (53 bytes)
1777864605.533182 sending message 105 to peer 0x5a432de734b0 (77 bytes)
1777864605.533184 sending message 105 to peer 0x5a432de734b0 (10 bytes)
1777864605.533185 sending message 105 to peer 0x5a432de734b0 (24 bytes)
1777864605.533187 sending message 105 to peer 0x5a432de734b0 (27 bytes)
1777864605.533188 sending message 105 to peer 0x5a432de734b0 (16 bytes)
1777864605.533190 sending message 105 to peer 0x5a432de734b0 (54 bytes)
1777864605.533191 sending message 105 to peer 0x5a432de734b0 (63 bytes)
1777864605.533192 sending message 105 to peer 0x5a432de734b0 (16 bytes)
1777864605.533194 sending message 106 to peer 0x5a432de734b0 (0 bytes)
1777864605.533218 sending message 200 to peer 0x5a432de734b0 (4 bytes)
1777864605.533220 client loop enter
1777864605.533227 client_signal: Child exited
1777864605.570613 peer 0x5a432de734b0 message 207
1777864605.570622 sending message 208 to peer 0x5a432de734b0 (0 bytes)
1777864608.030206 peer 0x5a432de734b0 message 203
1777864608.030215 sending message 205 to peer 0x5a432de734b0 (0 bytes)
1777864608.030364 peer 0x5a432de734b0 message 204
1777864608.030371 client loop exit
